<?xml version="1.0" encoding="UTF-8" ?>
<testsuite tests="7" failures="3" name="daimler.AppTest" time="0.006" errors="0" skipped="0">
  <properties>
[...]
</properties>
  <testcase classname="daimler.AppTest" name="test3" time="0.004"/>
  <testcase classname="daimler.AppTest" name="test0" time="0.002">
    <failure message="expected:&lt;St&gt; but was:&lt;a&gt;" type="junit.framework.ComparisonFailure">junit.framework.ComparisonFailure: expected:&lt;St&gt; but was:&lt;a&gt;
	at junit.framework.Assert.assertEquals(Assert.java:81)
	at junit.framework.Assert.assertEquals(Assert.java:87)
	at daimler.AppTest.test0(AppTest.java:19)
</failure>
    <system-out>Test String for Str
</system-out>
  </testcase>
  <testcase classname="daimler.AppTest" name="test2" time="0"/>
  <testcase classname="daimler.AppTest" name="test5" time="0">
    <failure message="expected:&lt;x&gt; but was:&lt;b&gt;" type="junit.framework.ComparisonFailure">junit.framework.ComparisonFailure: expected:&lt;x&gt; but was:&lt;b&gt;
	at junit.framework.Assert.assertEquals(Assert.java:81)
	at junit.framework.Assert.assertEquals(Assert.java:87)
	at daimler.AppTest.test5(AppTest.java:54)
</failure>
    <system-out>Test String for Strd
</system-out>
  </testcase>
  <testcase classname="daimler.AppTest" name="testApp" time="0"/>
  <testcase classname="daimler.AppTest" name="test1" time="0"/>
  <testcase classname="daimler.AppTest" name="test4" time="0">
    <failure message="expected:&lt;x&gt; but was:&lt;a&gt;" type="junit.framework.ComparisonFailure">junit.framework.ComparisonFailure: expected:&lt;x&gt; but was:&lt;a&gt;
	at junit.framework.Assert.assertEquals(Assert.java:81)
	at junit.framework.Assert.assertEquals(Assert.java:87)
	at daimler.AppTest.test4(AppTest.java:47)
</failure>
    <system-out>Test String for Strd
</system-out>
  </testcase>
</testsuite>